<?xml version="1.0" encoding="UTF-8"?>
<testsuite xmlns:xsi="http://www.w3.org/2001/XMLSchema-instance" xsi:noNamespaceSchemaLocation="https://maven.apache.org/surefire/maven-surefire-plugin/xsd/surefire-test-report.xsd" version="3.0.2" name="com.Parcial.app.ConduccionApplicationTests" time="5.081" tests="1" errors="0" skipped="0" failures="0">
  <properties>
[...]
</properties>
  <testcase name="contextLoads" classname="com.Parcial.app.ConduccionApplicationTests" time="0.695">
    <system-out><![CDATA[23:23:41.293 [main] INFO org.springframework.test.context.support.AnnotationConfigContextLoaderUtils -- Could not detect default configuration classes for test class [com.Parcial.app.ConduccionApplicationTests]: ConduccionApplicationTests does not declare any static, non-private, non-final, nested classes annotated with @Configuration.
23:23:41.396 [main] INFO org.springframework.boot.test.context.SpringBootTestContextBootstrapper -- Found @SpringBootConfiguration com.Parcial.app.ConduccionApplication for test class com.Parcial.app.ConduccionApplicationTests
23:23:41.523 [main] INFO org.springframework.boot.devtools.restart.RestartApplicationListener -- Restart disabled due to context in which it is running

  .   ____          _            __ _ _
 /\\ / ___'_ __ _ _(_)_ __  __ _ \ \ \ \
( ( )\___ | '_ | '_| | '_ \/ _` | \ \ \ \
 \\/  ___)| |_)| | | | | || (_| |  ) ) ) )
  '  |____| .__|_| |_|_| |_\__, | / / / /
 =========|_|==============|___/=/_/_/_/

 :: Spring Boot ::                (v3.4.5)

2025-05-30T23:23:41.782-05:00  INFO 10636 --- [conduccion] [           main] c.P.app.ConduccionApplicationTests       : Starting ConduccionApplicationTests using Java 21.0.6 with PID 10636 (started by pc in C:\Users\pc\Documents\workspace-spring-tool-suite-4-4.29.1.RELEASE\conduccion)
2025-05-30T23:23:41.784-05:00  INFO 10636 --- [conduccion] [           main] c.P.app.ConduccionApplicationTests       : No active profile set, falling back to 1 default profile: "default"
2025-05-30T23:23:42.339-05:00  INFO 10636 --- [conduccion] [           main] .s.d.r.c.RepositoryConfigurationDelegate : Bootstrapping Spring Data MongoDB repositories in DEFAULT mode.
2025-05-30T23:23:42.404-05:00  INFO 10636 --- [conduccion] [           main] .s.d.r.c.RepositoryConfigurationDelegate : Finished Spring Data repository scanning in 58 ms. Found 9 MongoDB repository interfaces.
2025-05-30T23:23:42.770-05:00  INFO 10636 --- [conduccion] [           main] org.mongodb.driver.client                : MongoClient with metadata {"driver": {"name": "mongo-java-driver|sync|spring-boot", "version": "5.2.1"}, "os": {"type": "Windows", "name": "Windows 11", "architecture": "amd64", "version": "10.0"}, "platform": "Java/Eclipse Adoptium/21.0.6+7-LTS"} created with settings MongoClientSettings{readPreference=primary, writeConcern=WriteConcern{w=null, wTimeout=null ms, journal=null}, retryWrites=true, retryReads=true, readConcern=ReadConcern{level=null}, credential=MongoCredential{mechanism=null, userName='santiago', source='admin', password=<hidden>, mechanismProperties=<hidden>}, transportSettings=null, commandListeners=[], codecRegistry=ProvidersCodecRegistry{codecProviders=[ValueCodecProvider{}, BsonValueCodecProvider{}, DBRefCodecProvider{}, DBObjectCodecProvider{}, DocumentCodecProvider{}, CollectionCodecProvider{}, IterableCodecProvider{}, MapCodecProvider{}, GeoJsonCodecProvider{}, GridFSFileCodecProvider{}, Jsr310CodecProvider{}, JsonObjectCodecProvider{}, BsonCodecProvider{}, EnumCodecProvider{}, com.mongodb.client.model.mql.ExpressionCodecProvider@2dbc408c, com.mongodb.Jep395RecordCodecProvider@991cbde, com.mongodb.KotlinCodecProvider@78d71df1]}, loggerSettings=LoggerSettings{maxDocumentLength=1000}, clusterSettings={hosts=[127.0.0.1:27017], srvHost=servidorsantiago.toln7.mongodb.net, srvServiceName=mongodb, mode=MULTIPLE, requiredClusterType=REPLICA_SET, requiredReplicaSetName='atlas-q80vlc-shard-0', serverSelector='null', clusterListeners='[]', serverSelectionTimeout='30000 ms', localThreshold='15 ms'}, socketSettings=SocketSettings{connectTimeoutMS=10000, readTimeoutMS=0, receiveBufferSize=0, proxySettings=ProxySettings{host=null, port=null, username=null, password=null}}, heartbeatSocketSettings=SocketSettings{connectTimeoutMS=10000, readTimeoutMS=10000, receiveBufferSize=0, proxySettings=ProxySettings{host=null, port=null, username=null, password=null}}, connectionPoolSettings=ConnectionPoolSettings{maxSize=100, minSize=0, maxWaitTimeMS=120000, maxConnectionLifeTimeMS=0, maxConnectionIdleTimeMS=0, maintenanceInitialDelayMS=0, maintenanceFrequencyMS=60000, connectionPoolListeners=[], maxConnecting=2}, serverSettings=ServerSettings{heartbeatFrequencyMS=10000, minHeartbeatFrequencyMS=500, serverMonitoringMode=AUTO, serverListeners='[]', serverMonitorListeners='[]'}, sslSettings=SslSettings{enabled=true, invalidHostNameAllowed=false, context=null}, applicationName='null', compressorList=[], uuidRepresentation=JAVA_LEGACY, serverApi=null, autoEncryptionSettings=null, dnsClient=null, inetAddressResolver=null, contextProvider=null, timeoutMS=null}
2025-05-30T23:23:42.785-05:00  INFO 10636 --- [conduccion] [ln7.mongodb.net] org.mongodb.driver.cluster               : Adding discovered server servidorsantiago-shard-00-01.toln7.mongodb.net:27017 to client view of cluster
2025-05-30T23:23:42.814-05:00  INFO 10636 --- [conduccion] [ln7.mongodb.net] org.mongodb.driver.cluster               : Adding discovered server servidorsantiago-shard-00-02.toln7.mongodb.net:27017 to client view of cluster
2025-05-30T23:23:42.816-05:00  INFO 10636 --- [conduccion] [ln7.mongodb.net] org.mongodb.driver.cluster               : Adding discovered server servidorsantiago-shard-00-00.toln7.mongodb.net:27017 to client view of cluster
2025-05-30T23:23:43.273-05:00  INFO 10636 --- [conduccion] [           main] org.mongodb.driver.cluster               : Waiting for server to become available for operation with ID 5. Remaining time: 29993 ms. Selector: ReadPreferenceServerSelector{readPreference=primary}, topology description: {type=REPLICA_SET, servers=[{address=servidorsantiago-shard-00-02.toln7.mongodb.net:27017, type=UNKNOWN, state=CONNECTING}, {address=servidorsantiago-shard-00-00.toln7.mongodb.net:27017, type=UNKNOWN, state=CONNECTING}, {address=servidorsantiago-shard-00-01.toln7.mongodb.net:27017, type=UNKNOWN, state=CONNECTING}].
2025-05-30T23:23:43.652-05:00  INFO 10636 --- [conduccion] [ngodb.net:27017] org.mongodb.driver.cluster               : Monitor thread successfully connected to server with description ServerDescription{address=servidorsantiago-shard-00-01.toln7.mongodb.net:27017, type=REPLICA_SET_SECONDARY, cryptd=false, state=CONNECTED, ok=true, minWireVersion=0, maxWireVersion=25, maxDocumentSize=16777216, logicalSessionTimeoutMinutes=30, roundTripTimeNanos=495868400, minRoundTripTimeNanos=0, setName='atlas-q80vlc-shard-0', canonicalAddress=servidorsantiago-shard-00-01.toln7.mongodb.net:27017, hosts=[servidorsantiago-shard-00-00.toln7.mongodb.net:27017, servidorsantiago-shard-00-01.toln7.mongodb.net:27017, servidorsantiago-shard-00-02.toln7.mongodb.net:27017], passives=[], arbiters=[], primary='servidorsantiago-shard-00-02.toln7.mongodb.net:27017', tagSet=TagSet{[Tag{name='availabilityZone', value='southamerica-east1-b'}, Tag{name='diskState', value='READY'}, Tag{name='nodeType', value='ELECTABLE'}, Tag{name='provider', value='GCP'}, Tag{name='region', value='SOUTH_AMERICA_EAST_1'}, Tag{name='workloadType', value='OPERATIONAL'}]}, electionId=null, setVersion=29, topologyVersion=TopologyVersion{processId=682c963febe2dcb5db0772be, counter=3}, lastWriteDate=Fri May 30 23:23:43 COT 2025, lastUpdateTimeNanos=630168921734800}
2025-05-30T23:23:43.656-05:00  INFO 10636 --- [conduccion] [ngodb.net:27017] org.mongodb.driver.cluster               : Monitor thread successfully connected to server with description ServerDescription{address=servidorsantiago-shard-00-00.toln7.mongodb.net:27017, type=REPLICA_SET_SECONDARY, cryptd=false, state=CONNECTED, ok=true, minWireVersion=0, maxWireVersion=25, maxDocumentSize=16777216, logicalSessionTimeoutMinutes=30, roundTripTimeNanos=488570300, minRoundTripTimeNanos=0, setName='atlas-q80vlc-shard-0', canonicalAddress=servidorsantiago-shard-00-00.toln7.mongodb.net:27017, hosts=[servidorsantiago-shard-00-00.toln7.mongodb.net:27017, servidorsantiago-shard-00-01.toln7.mongodb.net:27017, servidorsantiago-shard-00-02.toln7.mongodb.net:27017], passives=[], arbiters=[], primary='servidorsantiago-shard-00-02.toln7.mongodb.net:27017', tagSet=TagSet{[Tag{name='availabilityZone', value='southamerica-east1-a'}, Tag{name='diskState', value='READY'}, Tag{name='nodeType', value='ELECTABLE'}, Tag{name='provider', value='GCP'}, Tag{name='region', value='SOUTH_AMERICA_EAST_1'}, Tag{name='workloadType', value='OPERATIONAL'}]}, electionId=null, setVersion=29, topologyVersion=TopologyVersion{processId=682c8feff75630afe5bbb5bf, counter=4}, lastWriteDate=Fri May 30 23:23:43 COT 2025, lastUpdateTimeNanos=630168927061700}
2025-05-30T23:23:43.658-05:00  INFO 10636 --- [conduccion] [ngodb.net:27017] org.mongodb.driver.cluster               : Monitor thread successfully connected to server with description ServerDescription{address=servidorsantiago-shard-00-02.toln7.mongodb.net:27017, type=REPLICA_SET_PRIMARY, cryptd=false, state=CONNECTED, ok=true, minWireVersion=0, maxWireVersion=25, maxDocumentSize=16777216, logicalSessionTimeoutMinutes=30, roundTripTimeNanos=493237800, minRoundTripTimeNanos=0, setName='atlas-q80vlc-shard-0', canonicalAddress=servidorsantiago-shard-00-02.toln7.mongodb.net:27017, hosts=[servidorsantiago-shard-00-00.toln7.mongodb.net:27017, servidorsantiago-shard-00-01.toln7.mongodb.net:27017, servidorsantiago-shard-00-02.toln7.mongodb.net:27017], passives=[], arbiters=[], primary='servidorsantiago-shard-00-02.toln7.mongodb.net:27017', tagSet=TagSet{[Tag{name='availabilityZone', value='southamerica-east1-c'}, Tag{name='diskState', value='READY'}, Tag{name='nodeType', value='ELECTABLE'}, Tag{name='provider', value='GCP'}, Tag{name='region', value='SOUTH_AMERICA_EAST_1'}, Tag{name='workloadType', value='OPERATIONAL'}]}, electionId=7fffffff00000000000000bc, setVersion=29, topologyVersion=TopologyVersion{processId=682c934829c105d36b78b717, counter=6}, lastWriteDate=Fri May 30 23:23:43 COT 2025, lastUpdateTimeNanos=630168929705100}
2025-05-30T23:23:43.659-05:00  INFO 10636 --- [conduccion] [ngodb.net:27017] org.mongodb.driver.cluster               : Discovered replica set primary servidorsantiago-shard-00-02.toln7.mongodb.net:27017 with max election id 7fffffff00000000000000bc and max set version 29
Se eliminaron administradores duplicados.

=== USUARIO ADMIN CREADO ===
Email: admin@escuela.com
Password: Admin123@
============================

2025-05-30T23:23:45.224-05:00  INFO 10636 --- [conduccion] [           main] o.s.b.a.w.s.WelcomePageHandlerMapping    : Adding welcome page template: index
2025-05-30T23:23:45.538-05:00  INFO 10636 --- [conduccion] [           main] c.P.app.ConduccionApplicationTests       : Started ConduccionApplicationTests in 4.026 seconds (process running for 4.94)
]]></system-out>
    <system-err><![CDATA[Mockito is currently self-attaching to enable the inline-mock-maker. This will no longer work in future releases of the JDK. Please add Mockito as an agent to your build what is described in Mockito's documentation: https://javadoc.io/doc/org.mockito/mockito-core/latest/org/mockito/Mockito.html#0.3
WARNING: A Java agent has been loaded dynamically (C:\Users\pc\.m2\repository\net\bytebuddy\byte-buddy-agent\1.15.11\byte-buddy-agent-1.15.11.jar)
WARNING: If a serviceability tool is in use, please run with -XX:+EnableDynamicAgentLoading to hide this warning
WARNING: If a serviceability tool is not in use, please run with -Djdk.instrument.traceUsage for more information
WARNING: Dynamic loading of agents will be disallowed by default in a future release
]]></system-err>
  </testcase>
</testsuite>